<?xml version="1.0" encoding="UTF-8"?>
<!-- Generated by org.testng.reporters.JUnitReportReporter -->
<testsuite hostname="DESKTOP-E6A2IUB" failures="0" tests="1" name="runner.logindatrunner" time="0.183" errors="0" timestamp="2023-07-22T22:31:05 IST" skipped="0">
  <testcase classname="runner.logindatrunner" name="runScenario" time="0.183"/>
  <system-out/>
</testsuite> <!-- runner.logindatrunner -->
