<?xml version="1.0" encoding="UTF-8"?>
<!-- Generated by org.testng.reporters.JUnitReportReporter -->
<testsuite hostname="DESKTOP-E6A2IUB" failures="0" tests="1" name="runner.orderrunner" time="0.196" errors="0" timestamp="2023-07-25T21:30:20 IST" skipped="0">
  <testcase classname="runner.orderrunner" name="runScenario" time="0.196"/>
  <system-out/>
</testsuite> <!-- runner.orderrunner -->
