<?xml version="1.0" encoding="UTF-8"?>
<!-- Generated by org.testng.reporters.JUnitReportReporter -->
<testsuite hostname="DESKTOP-E6A2IUB" failures="0" tests="1" name="runner.loginrunner" time="0.189" errors="0" timestamp="2023-07-24T22:36:59 IST" skipped="0">
  <testcase classname="runner.loginrunner" name="runScenario" time="0.189"/>
  <system-out/>
</testsuite> <!-- runner.loginrunner -->
